2021-10-24 05:32:33.379  WARN 9196 --- [HikariPool-1 housekeeper] com.zaxxer.hikari.pool.HikariPool        : HikariPool-1 - Thread starvation or clock leap detected (housekeeper delta=7h35m21s390ms196µs200ns).
2021-10-24 10:57:31.227  WARN 9196 --- [HikariPool-1 housekeeper] com.zaxxer.hikari.pool.HikariPool        : HikariPool-1 - Thread starvation or clock leap detected (housekeeper delta=5h24m24s502ms938µs300ns).
2021-10-24 11:22:17.699  INFO 9196 --- [RMI TCP Connection(1719)-127.0.0.1] inMXBeanRegistrar$SpringApplicationAdmin : Application shutdown requested.
2021-10-24 11:22:17.854  INFO 9196 --- [RMI TCP Connection(1719)-127.0.0.1] o.s.s.concurrent.ThreadPoolTaskExecutor  : Shutting down ExecutorService 'applicationTaskExecutor'
2021-10-24 11:22:17.866  INFO 9196 --- [RMI TCP Connection(1719)-127.0.0.1] j.LocalContainerEntityManagerFactoryBean : Closing JPA EntityManagerFactory for persistence unit 'default'
2021-10-24 11:22:17.952  INFO 9196 --- [RMI TCP Connection(1719)-127.0.0.1] com.zaxxer.hikari.HikariDataSource       : HikariPool-1 - Shutdown initiated...
2021-10-24 11:22:18.057  INFO 9196 --- [RMI TCP Connection(1719)-127.0.0.1] com.zaxxer.hikari.HikariDataSource       : HikariPool-1 - Shutdown completed.
2021-10-24 11:23:12.413  INFO 40508 --- [main] SpringBootCoreDataJpaMvcRest1Application : Starting TimesheetSpringBootCoreDataJpaMvcRest1Application on LAPTOP-K08V0PT9 with PID 40508 (C:\Users\sonia\Documents\GitHub\DEVOPS\TimesheetProject\target\classes started by sonia in C:\Users\sonia\Documents\GitHub\DEVOPS\TimesheetProject)
2021-10-24 11:23:12.416  INFO 40508 --- [main] SpringBootCoreDataJpaMvcRest1Application : No active profile set, falling back to default profiles: default
2021-10-24 11:23:13.310  INFO 40508 --- [main] .s.d.r.c.RepositoryConfigurationDelegate : Bootstrapping Spring Data repositories in DEFAULT mode.
2021-10-24 11:23:13.411  INFO 40508 --- [main] .s.d.r.c.RepositoryConfigurationDelegate : Finished Spring Data repository scanning in 86ms. Found 6 repository interfaces.
2021-10-24 11:23:13.830  INFO 40508 --- [main] trationDelegate$BeanPostProcessorChecker : Bean 'org.springframework.transaction.annotation.ProxyTransactionManagementConfiguration' of type [org.springframework.transaction.annotation.ProxyTransactionManagementConfiguration$$EnhancerBySpringCGLIB$$5e8c5f48] is not eligible for getting processed by all BeanPostProcessors (for example: not eligible for auto-proxying)
2021-10-24 11:23:14.298  INFO 40508 --- [main] o.s.b.w.embedded.tomcat.TomcatWebServer  : Tomcat initialized with port(s): 8083 (http)
2021-10-24 11:23:14.327  INFO 40508 --- [main] o.apache.catalina.core.StandardService   : Starting service [Tomcat]
2021-10-24 11:23:14.327  INFO 40508 --- [main] org.apache.catalina.core.StandardEngine  : Starting Servlet engine: [Apache Tomcat/9.0.17]
2021-10-24 11:23:14.489  INFO 40508 --- [main] o.a.c.c.C.[.[localhost].[/SpringMVC]     : Initializing Spring embedded WebApplicationContext
2021-10-24 11:23:14.489  INFO 40508 --- [main] o.s.web.context.ContextLoader            : Root WebApplicationContext: initialization completed in 2029 ms
2021-10-24 11:23:14.732  INFO 40508 --- [main] com.zaxxer.hikari.HikariDataSource       : HikariPool-1 - Starting...
2021-10-24 11:23:14.934  INFO 40508 --- [main] com.zaxxer.hikari.HikariDataSource       : HikariPool-1 - Start completed.
2021-10-24 11:23:15.008  INFO 40508 --- [main] o.hibernate.jpa.internal.util.LogHelper  : HHH000204: Processing PersistenceUnitInfo [
	name: default
	...]
2021-10-24 11:23:15.151  INFO 40508 --- [main] org.hibernate.Version                    : HHH000412: Hibernate Core {5.3.9.Final}
2021-10-24 11:23:15.153  INFO 40508 --- [main] org.hibernate.cfg.Environment            : HHH000206: hibernate.properties not found
2021-10-24 11:23:15.431  INFO 40508 --- [main] o.hibernate.annotations.common.Version   : HCANN000001: Hibernate Commons Annotations {5.0.4.Final}
2021-10-24 11:23:15.674  INFO 40508 --- [main] org.hibernate.dialect.Dialect            : HHH000400: Using dialect: org.hibernate.dialect.MySQL5Dialect
2021-10-24 11:23:16.979  INFO 40508 --- [main] j.LocalContainerEntityManagerFactoryBean : Initialized JPA EntityManagerFactory for persistence unit 'default'
2021-10-24 11:23:17.388  INFO 40508 --- [main] o.h.h.i.QueryTranslatorFactoryInitiator  : HHH000397: Using ASTQueryTranslatorFactory
2021-10-24 11:23:17.848  INFO 40508 --- [main] o.s.s.concurrent.ThreadPoolTaskExecutor  : Initializing ExecutorService 'applicationTaskExecutor'
2021-10-24 11:23:17.891  WARN 40508 --- [main] aWebConfiguration$JpaWebMvcConfiguration : spring.jpa.open-in-view is enabled by default. Therefore, database queries may be performed during view rendering. Explicitly configure spring.jpa.open-in-view to disable this warning
2021-10-24 11:23:18.095  INFO 40508 --- [main] o.s.b.w.embedded.tomcat.TomcatWebServer  : Tomcat started on port(s): 8083 (http) with context path '/SpringMVC'
2021-10-24 11:23:18.097  INFO 40508 --- [main] SpringBootCoreDataJpaMvcRest1Application : Started TimesheetSpringBootCoreDataJpaMvcRest1Application in 6.272 seconds (JVM running for 7.237)
2021-10-24 12:33:27.943  WARN 40508 --- [HikariPool-1 housekeeper] com.zaxxer.hikari.pool.HikariPool        : HikariPool-1 - Thread starvation or clock leap detected (housekeeper delta=59m12s726ms499µs200ns).
2021-10-24 13:32:05.284  WARN 40508 --- [HikariPool-1 housekeeper] com.zaxxer.hikari.pool.HikariPool        : HikariPool-1 - Thread starvation or clock leap detected (housekeeper delta=49m37s197ms307µs100ns).
2021-10-24 13:41:14.749  WARN 40508 --- [HikariPool-1 housekeeper] com.zaxxer.hikari.pool.HikariPool        : HikariPool-1 - Thread starvation or clock leap detected (housekeeper delta=5m39s408ms915µs300ns).
2021-10-24 13:56:16.397  INFO 40508 --- [RMI TCP Connection(48)-127.0.0.1] inMXBeanRegistrar$SpringApplicationAdmin : Application shutdown requested.
2021-10-24 13:56:16.462  INFO 40508 --- [RMI TCP Connection(48)-127.0.0.1] o.s.s.concurrent.ThreadPoolTaskExecutor  : Shutting down ExecutorService 'applicationTaskExecutor'
2021-10-24 13:56:16.470  INFO 40508 --- [RMI TCP Connection(48)-127.0.0.1] j.LocalContainerEntityManagerFactoryBean : Closing JPA EntityManagerFactory for persistence unit 'default'
2021-10-24 13:56:16.506  INFO 40508 --- [RMI TCP Connection(48)-127.0.0.1] com.zaxxer.hikari.HikariDataSource       : HikariPool-1 - Shutdown initiated...
2021-10-24 13:56:16.537  INFO 40508 --- [RMI TCP Connection(48)-127.0.0.1] com.zaxxer.hikari.HikariDataSource       : HikariPool-1 - Shutdown completed.
2021-10-24 13:56:24.786  INFO 31064 --- [main] SpringBootCoreDataJpaMvcRest1Application : Starting TimesheetSpringBootCoreDataJpaMvcRest1Application on LAPTOP-K08V0PT9 with PID 31064 (C:\Users\sonia\Documents\GitHub\DEVOPS\TimesheetProject\target\classes started by sonia in C:\Users\sonia\Documents\GitHub\DEVOPS\TimesheetProject)
2021-10-24 13:56:24.788  INFO 31064 --- [main] SpringBootCoreDataJpaMvcRest1Application : No active profile set, falling back to default profiles: default
2021-10-24 13:56:25.682  INFO 31064 --- [main] .s.d.r.c.RepositoryConfigurationDelegate : Bootstrapping Spring Data repositories in DEFAULT mode.
2021-10-24 13:56:25.772  INFO 31064 --- [main] .s.d.r.c.RepositoryConfigurationDelegate : Finished Spring Data repository scanning in 82ms. Found 6 repository interfaces.
2021-10-24 13:56:26.140  INFO 31064 --- [main] trationDelegate$BeanPostProcessorChecker : Bean 'org.springframework.transaction.annotation.ProxyTransactionManagementConfiguration' of type [org.springframework.transaction.annotation.ProxyTransactionManagementConfiguration$$EnhancerBySpringCGLIB$$b9edc5e8] is not eligible for getting processed by all BeanPostProcessors (for example: not eligible for auto-proxying)
2021-10-24 13:56:26.860  INFO 31064 --- [main] o.s.b.w.embedded.tomcat.TomcatWebServer  : Tomcat initialized with port(s): 8083 (http)
2021-10-24 13:56:26.889  INFO 31064 --- [main] o.apache.catalina.core.StandardService   : Starting service [Tomcat]
2021-10-24 13:56:26.889  INFO 31064 --- [main] org.apache.catalina.core.StandardEngine  : Starting Servlet engine: [Apache Tomcat/9.0.17]
2021-10-24 13:56:27.027  INFO 31064 --- [main] o.a.c.c.C.[.[localhost].[/SpringMVC]     : Initializing Spring embedded WebApplicationContext
2021-10-24 13:56:27.027  INFO 31064 --- [main] o.s.web.context.ContextLoader            : Root WebApplicationContext: initialization completed in 2183 ms
2021-10-24 13:56:27.198  INFO 31064 --- [main] com.zaxxer.hikari.HikariDataSource       : HikariPool-1 - Starting...
2021-10-24 13:56:27.370  INFO 31064 --- [main] com.zaxxer.hikari.HikariDataSource       : HikariPool-1 - Start completed.
2021-10-24 13:56:27.481  INFO 31064 --- [main] o.hibernate.jpa.internal.util.LogHelper  : HHH000204: Processing PersistenceUnitInfo [
	name: default
	...]
2021-10-24 13:56:27.610  INFO 31064 --- [main] org.hibernate.Version                    : HHH000412: Hibernate Core {5.3.9.Final}
2021-10-24 13:56:27.611  INFO 31064 --- [main] org.hibernate.cfg.Environment            : HHH000206: hibernate.properties not found
2021-10-24 13:56:27.895  INFO 31064 --- [main] o.hibernate.annotations.common.Version   : HCANN000001: Hibernate Commons Annotations {5.0.4.Final}
2021-10-24 13:56:28.104  INFO 31064 --- [main] org.hibernate.dialect.Dialect            : HHH000400: Using dialect: org.hibernate.dialect.MySQL5Dialect
2021-10-24 13:56:29.398  INFO 31064 --- [main] j.LocalContainerEntityManagerFactoryBean : Initialized JPA EntityManagerFactory for persistence unit 'default'
2021-10-24 13:56:29.694  INFO 31064 --- [main] o.h.h.i.QueryTranslatorFactoryInitiator  : HHH000397: Using ASTQueryTranslatorFactory
2021-10-24 13:56:30.192  INFO 31064 --- [main] o.s.s.concurrent.ThreadPoolTaskExecutor  : Initializing ExecutorService 'applicationTaskExecutor'
2021-10-24 13:56:30.237  WARN 31064 --- [main] aWebConfiguration$JpaWebMvcConfiguration : spring.jpa.open-in-view is enabled by default. Therefore, database queries may be performed during view rendering. Explicitly configure spring.jpa.open-in-view to disable this warning
2021-10-24 13:56:30.449  INFO 31064 --- [main] o.s.b.w.embedded.tomcat.TomcatWebServer  : Tomcat started on port(s): 8083 (http) with context path '/SpringMVC'
2021-10-24 13:56:30.450  INFO 31064 --- [main] SpringBootCoreDataJpaMvcRest1Application : Started TimesheetSpringBootCoreDataJpaMvcRest1Application in 6.323 seconds (JVM running for 7.421)
2021-10-24 13:57:14.197  INFO 31064 --- [RMI TCP Connection(4)-127.0.0.1] inMXBeanRegistrar$SpringApplicationAdmin : Application shutdown requested.
2021-10-24 13:57:14.199  INFO 31064 --- [RMI TCP Connection(4)-127.0.0.1] o.s.s.concurrent.ThreadPoolTaskExecutor  : Shutting down ExecutorService 'applicationTaskExecutor'
2021-10-24 13:57:14.204  INFO 31064 --- [RMI TCP Connection(4)-127.0.0.1] j.LocalContainerEntityManagerFactoryBean : Closing JPA EntityManagerFactory for persistence unit 'default'
2021-10-24 13:57:14.207  INFO 31064 --- [RMI TCP Connection(4)-127.0.0.1] com.zaxxer.hikari.HikariDataSource       : HikariPool-1 - Shutdown initiated...
2021-10-24 13:57:14.210  INFO 31064 --- [RMI TCP Connection(4)-127.0.0.1] com.zaxxer.hikari.HikariDataSource       : HikariPool-1 - Shutdown completed.
2021-10-24 13:57:19.511  INFO 42208 --- [main] SpringBootCoreDataJpaMvcRest1Application : Starting TimesheetSpringBootCoreDataJpaMvcRest1Application on LAPTOP-K08V0PT9 with PID 42208 (C:\Users\sonia\Documents\GitHub\DEVOPS\TimesheetProject\target\classes started by sonia in C:\Users\sonia\Documents\GitHub\DEVOPS\TimesheetProject)
2021-10-24 13:57:19.514  INFO 42208 --- [main] SpringBootCoreDataJpaMvcRest1Application : No active profile set, falling back to default profiles: default
2021-10-24 13:57:20.241  INFO 42208 --- [main] .s.d.r.c.RepositoryConfigurationDelegate : Bootstrapping Spring Data repositories in DEFAULT mode.
2021-10-24 13:57:20.320  INFO 42208 --- [main] .s.d.r.c.RepositoryConfigurationDelegate : Finished Spring Data repository scanning in 70ms. Found 6 repository interfaces.
2021-10-24 13:57:20.630  INFO 42208 --- [main] trationDelegate$BeanPostProcessorChecker : Bean 'org.springframework.transaction.annotation.ProxyTransactionManagementConfiguration' of type [org.springframework.transaction.annotation.ProxyTransactionManagementConfiguration$$EnhancerBySpringCGLIB$$de6feae4] is not eligible for getting processed by all BeanPostProcessors (for example: not eligible for auto-proxying)
2021-10-24 13:57:20.948  INFO 42208 --- [main] o.s.b.w.embedded.tomcat.TomcatWebServer  : Tomcat initialized with port(s): 8083 (http)
2021-10-24 13:57:20.970  INFO 42208 --- [main] o.apache.catalina.core.StandardService   : Starting service [Tomcat]
2021-10-24 13:57:20.970  INFO 42208 --- [main] org.apache.catalina.core.StandardEngine  : Starting Servlet engine: [Apache Tomcat/9.0.17]
2021-10-24 13:57:21.100  INFO 42208 --- [main] o.a.c.c.C.[.[localhost].[/SpringMVC]     : Initializing Spring embedded WebApplicationContext
2021-10-24 13:57:21.100  INFO 42208 --- [main] o.s.web.context.ContextLoader            : Root WebApplicationContext: initialization completed in 1542 ms
2021-10-24 13:57:21.241  INFO 42208 --- [main] com.zaxxer.hikari.HikariDataSource       : HikariPool-1 - Starting...
2021-10-24 13:57:21.433  INFO 42208 --- [main] com.zaxxer.hikari.HikariDataSource       : HikariPool-1 - Start completed.
2021-10-24 13:57:21.479  INFO 42208 --- [main] o.hibernate.jpa.internal.util.LogHelper  : HHH000204: Processing PersistenceUnitInfo [
	name: default
	...]
2021-10-24 13:57:21.555  INFO 42208 --- [main] org.hibernate.Version                    : HHH000412: Hibernate Core {5.3.9.Final}
2021-10-24 13:57:21.557  INFO 42208 --- [main] org.hibernate.cfg.Environment            : HHH000206: hibernate.properties not found
2021-10-24 13:57:21.717  INFO 42208 --- [main] o.hibernate.annotations.common.Version   : HCANN000001: Hibernate Commons Annotations {5.0.4.Final}
2021-10-24 13:57:21.867  INFO 42208 --- [main] org.hibernate.dialect.Dialect            : HHH000400: Using dialect: org.hibernate.dialect.MySQL5Dialect
2021-10-24 13:57:22.833  INFO 42208 --- [main] j.LocalContainerEntityManagerFactoryBean : Initialized JPA EntityManagerFactory for persistence unit 'default'
2021-10-24 13:57:23.111  INFO 42208 --- [main] o.h.h.i.QueryTranslatorFactoryInitiator  : HHH000397: Using ASTQueryTranslatorFactory
2021-10-24 13:57:23.514  INFO 42208 --- [main] o.s.s.concurrent.ThreadPoolTaskExecutor  : Initializing ExecutorService 'applicationTaskExecutor'
2021-10-24 13:57:23.552  WARN 42208 --- [main] aWebConfiguration$JpaWebMvcConfiguration : spring.jpa.open-in-view is enabled by default. Therefore, database queries may be performed during view rendering. Explicitly configure spring.jpa.open-in-view to disable this warning
2021-10-24 13:57:23.787  INFO 42208 --- [main] o.s.b.w.embedded.tomcat.TomcatWebServer  : Tomcat started on port(s): 8083 (http) with context path '/SpringMVC'
2021-10-24 13:57:23.789  INFO 42208 --- [main] SpringBootCoreDataJpaMvcRest1Application : Started TimesheetSpringBootCoreDataJpaMvcRest1Application in 4.782 seconds (JVM running for 5.746)
2021-10-24 14:01:36.295  INFO 42208 --- [RMI TCP Connection(9)-127.0.0.1] inMXBeanRegistrar$SpringApplicationAdmin : Application shutdown requested.
2021-10-24 14:01:36.298  INFO 42208 --- [RMI TCP Connection(9)-127.0.0.1] o.s.s.concurrent.ThreadPoolTaskExecutor  : Shutting down ExecutorService 'applicationTaskExecutor'
2021-10-24 14:01:36.300  INFO 42208 --- [RMI TCP Connection(9)-127.0.0.1] j.LocalContainerEntityManagerFactoryBean : Closing JPA EntityManagerFactory for persistence unit 'default'
2021-10-24 14:01:36.304  INFO 42208 --- [RMI TCP Connection(9)-127.0.0.1] com.zaxxer.hikari.HikariDataSource       : HikariPool-1 - Shutdown initiated...
2021-10-24 14:01:36.307  INFO 42208 --- [RMI TCP Connection(9)-127.0.0.1] com.zaxxer.hikari.HikariDataSource       : HikariPool-1 - Shutdown completed.
2021-10-24 14:01:41.200  INFO 18100 --- [main] SpringBootCoreDataJpaMvcRest1Application : Starting TimesheetSpringBootCoreDataJpaMvcRest1Application on LAPTOP-K08V0PT9 with PID 18100 (C:\Users\sonia\Documents\GitHub\DEVOPS\TimesheetProject\target\classes started by sonia in C:\Users\sonia\Documents\GitHub\DEVOPS\TimesheetProject)
2021-10-24 14:01:41.203  INFO 18100 --- [main] SpringBootCoreDataJpaMvcRest1Application : No active profile set, falling back to default profiles: default
2021-10-24 14:01:41.796  INFO 18100 --- [main] .s.d.r.c.RepositoryConfigurationDelegate : Bootstrapping Spring Data repositories in DEFAULT mode.
2021-10-24 14:01:41.878  INFO 18100 --- [main] .s.d.r.c.RepositoryConfigurationDelegate : Finished Spring Data repository scanning in 75ms. Found 6 repository interfaces.
2021-10-24 14:01:42.202  INFO 18100 --- [main] trationDelegate$BeanPostProcessorChecker : Bean 'org.springframework.transaction.annotation.ProxyTransactionManagementConfiguration' of type [org.springframework.transaction.annotation.ProxyTransactionManagementConfiguration$$EnhancerBySpringCGLIB$$6a3ab220] is not eligible for getting processed by all BeanPostProcessors (for example: not eligible for auto-proxying)
2021-10-24 14:01:42.636  INFO 18100 --- [main] o.s.b.w.embedded.tomcat.TomcatWebServer  : Tomcat initialized with port(s): 8083 (http)
2021-10-24 14:01:42.667  INFO 18100 --- [main] o.apache.catalina.core.StandardService   : Starting service [Tomcat]
2021-10-24 14:01:42.667  INFO 18100 --- [main] org.apache.catalina.core.StandardEngine  : Starting Servlet engine: [Apache Tomcat/9.0.17]
2021-10-24 14:01:42.802  INFO 18100 --- [main] o.a.c.c.C.[.[localhost].[/SpringMVC]     : Initializing Spring embedded WebApplicationContext
2021-10-24 14:01:42.803  INFO 18100 --- [main] o.s.web.context.ContextLoader            : Root WebApplicationContext: initialization completed in 1559 ms
2021-10-24 14:01:42.966  INFO 18100 --- [main] com.zaxxer.hikari.HikariDataSource       : HikariPool-1 - Starting...
2021-10-24 14:01:43.110  INFO 18100 --- [main] com.zaxxer.hikari.HikariDataSource       : HikariPool-1 - Start completed.
2021-10-24 14:01:43.184  INFO 18100 --- [main] o.hibernate.jpa.internal.util.LogHelper  : HHH000204: Processing PersistenceUnitInfo [
	name: default
	...]
2021-10-24 14:01:43.313  INFO 18100 --- [main] org.hibernate.Version                    : HHH000412: Hibernate Core {5.3.9.Final}
2021-10-24 14:01:43.315  INFO 18100 --- [main] org.hibernate.cfg.Environment            : HHH000206: hibernate.properties not found
2021-10-24 14:01:43.644  INFO 18100 --- [main] o.hibernate.annotations.common.Version   : HCANN000001: Hibernate Commons Annotations {5.0.4.Final}
2021-10-24 14:01:43.877  INFO 18100 --- [main] org.hibernate.dialect.Dialect            : HHH000400: Using dialect: org.hibernate.dialect.MySQL5Dialect
2021-10-24 14:01:45.138  INFO 18100 --- [main] j.LocalContainerEntityManagerFactoryBean : Initialized JPA EntityManagerFactory for persistence unit 'default'
2021-10-24 14:01:45.441  INFO 18100 --- [main] o.h.h.i.QueryTranslatorFactoryInitiator  : HHH000397: Using ASTQueryTranslatorFactory
2021-10-24 14:01:45.971  INFO 18100 --- [main] o.s.s.concurrent.ThreadPoolTaskExecutor  : Initializing ExecutorService 'applicationTaskExecutor'
2021-10-24 14:01:46.022  WARN 18100 --- [main] aWebConfiguration$JpaWebMvcConfiguration : spring.jpa.open-in-view is enabled by default. Therefore, database queries may be performed during view rendering. Explicitly configure spring.jpa.open-in-view to disable this warning
2021-10-24 14:01:46.213  INFO 18100 --- [main] o.s.b.w.embedded.tomcat.TomcatWebServer  : Tomcat started on port(s): 8083 (http) with context path '/SpringMVC'
2021-10-24 14:01:46.216  INFO 18100 --- [main] SpringBootCoreDataJpaMvcRest1Application : Started TimesheetSpringBootCoreDataJpaMvcRest1Application in 5.53 seconds (JVM running for 6.56)
2021-10-24 14:08:15.882  INFO 18100 --- [RMI TCP Connection(10)-127.0.0.1] inMXBeanRegistrar$SpringApplicationAdmin : Application shutdown requested.
2021-10-24 14:08:15.884  INFO 18100 --- [RMI TCP Connection(10)-127.0.0.1] o.s.s.concurrent.ThreadPoolTaskExecutor  : Shutting down ExecutorService 'applicationTaskExecutor'
2021-10-24 14:08:15.888  INFO 18100 --- [RMI TCP Connection(10)-127.0.0.1] j.LocalContainerEntityManagerFactoryBean : Closing JPA EntityManagerFactory for persistence unit 'default'
2021-10-24 14:08:15.891  INFO 18100 --- [RMI TCP Connection(10)-127.0.0.1] com.zaxxer.hikari.HikariDataSource       : HikariPool-1 - Shutdown initiated...
2021-10-24 14:08:15.893  INFO 18100 --- [RMI TCP Connection(10)-127.0.0.1] com.zaxxer.hikari.HikariDataSource       : HikariPool-1 - Shutdown completed.
2021-10-24 14:08:24.046  INFO 42844 --- [main] SpringBootCoreDataJpaMvcRest1Application : Starting TimesheetSpringBootCoreDataJpaMvcRest1Application on LAPTOP-K08V0PT9 with PID 42844 (C:\Users\sonia\Documents\GitHub\DEVOPS\TimesheetProject\target\classes started by sonia in C:\Users\sonia\Documents\GitHub\DEVOPS\TimesheetProject)
2021-10-24 14:08:24.049  INFO 42844 --- [main] SpringBootCoreDataJpaMvcRest1Application : No active profile set, falling back to default profiles: default
2021-10-24 14:08:24.623  INFO 42844 --- [main] .s.d.r.c.RepositoryConfigurationDelegate : Bootstrapping Spring Data repositories in DEFAULT mode.
2021-10-24 14:08:24.708  INFO 42844 --- [main] .s.d.r.c.RepositoryConfigurationDelegate : Finished Spring Data repository scanning in 76ms. Found 6 repository interfaces.
2021-10-24 14:08:24.992  INFO 42844 --- [main] trationDelegate$BeanPostProcessorChecker : Bean 'org.springframework.transaction.annotation.ProxyTransactionManagementConfiguration' of type [org.springframework.transaction.annotation.ProxyTransactionManagementConfiguration$$EnhancerBySpringCGLIB$$b7e454e6] is not eligible for getting processed by all BeanPostProcessors (for example: not eligible for auto-proxying)
2021-10-24 14:08:25.311  INFO 42844 --- [main] o.s.b.w.embedded.tomcat.TomcatWebServer  : Tomcat initialized with port(s): 8083 (http)
2021-10-24 14:08:25.336  INFO 42844 --- [main] o.apache.catalina.core.StandardService   : Starting service [Tomcat]
2021-10-24 14:08:25.336  INFO 42844 --- [main] org.apache.catalina.core.StandardEngine  : Starting Servlet engine: [Apache Tomcat/9.0.17]
2021-10-24 14:08:25.459  INFO 42844 --- [main] o.a.c.c.C.[.[localhost].[/SpringMVC]     : Initializing Spring embedded WebApplicationContext
2021-10-24 14:08:25.459  INFO 42844 --- [main] o.s.web.context.ContextLoader            : Root WebApplicationContext: initialization completed in 1373 ms
2021-10-24 14:08:25.637  INFO 42844 --- [main] com.zaxxer.hikari.HikariDataSource       : HikariPool-1 - Starting...
2021-10-24 14:08:25.775  INFO 42844 --- [main] com.zaxxer.hikari.HikariDataSource       : HikariPool-1 - Start completed.
2021-10-24 14:08:25.821  INFO 42844 --- [main] o.hibernate.jpa.internal.util.LogHelper  : HHH000204: Processing PersistenceUnitInfo [
	name: default
	...]
2021-10-24 14:08:25.902  INFO 42844 --- [main] org.hibernate.Version                    : HHH000412: Hibernate Core {5.3.9.Final}
2021-10-24 14:08:25.904  INFO 42844 --- [main] org.hibernate.cfg.Environment            : HHH000206: hibernate.properties not found
2021-10-24 14:08:26.057  INFO 42844 --- [main] o.hibernate.annotations.common.Version   : HCANN000001: Hibernate Commons Annotations {5.0.4.Final}
2021-10-24 14:08:26.203  INFO 42844 --- [main] org.hibernate.dialect.Dialect            : HHH000400: Using dialect: org.hibernate.dialect.MySQL5Dialect
2021-10-24 14:08:27.125  INFO 42844 --- [main] j.LocalContainerEntityManagerFactoryBean : Initialized JPA EntityManagerFactory for persistence unit 'default'
2021-10-24 14:08:27.495  INFO 42844 --- [main] o.h.h.i.QueryTranslatorFactoryInitiator  : HHH000397: Using ASTQueryTranslatorFactory
2021-10-24 14:08:27.916  INFO 42844 --- [main] o.s.s.concurrent.ThreadPoolTaskExecutor  : Initializing ExecutorService 'applicationTaskExecutor'
2021-10-24 14:08:27.957  WARN 42844 --- [main] aWebConfiguration$JpaWebMvcConfiguration : spring.jpa.open-in-view is enabled by default. Therefore, database queries may be performed during view rendering. Explicitly configure spring.jpa.open-in-view to disable this warning
2021-10-24 14:08:28.133  INFO 42844 --- [main] o.s.b.w.embedded.tomcat.TomcatWebServer  : Tomcat started on port(s): 8083 (http) with context path '/SpringMVC'
2021-10-24 14:08:28.134  INFO 42844 --- [main] SpringBootCoreDataJpaMvcRest1Application : Started TimesheetSpringBootCoreDataJpaMvcRest1Application in 4.496 seconds (JVM running for 5.068)
2021-10-24 14:39:53.144  INFO 42844 --- [RMI TCP Connection(36)-127.0.0.1] inMXBeanRegistrar$SpringApplicationAdmin : Application shutdown requested.
2021-10-24 14:39:53.147  INFO 42844 --- [RMI TCP Connection(36)-127.0.0.1] o.s.s.concurrent.ThreadPoolTaskExecutor  : Shutting down ExecutorService 'applicationTaskExecutor'
2021-10-24 14:39:53.153  INFO 42844 --- [RMI TCP Connection(36)-127.0.0.1] j.LocalContainerEntityManagerFactoryBean : Closing JPA EntityManagerFactory for persistence unit 'default'
2021-10-24 14:39:53.156  INFO 42844 --- [RMI TCP Connection(36)-127.0.0.1] com.zaxxer.hikari.HikariDataSource       : HikariPool-1 - Shutdown initiated...
2021-10-24 14:39:53.164  INFO 42844 --- [RMI TCP Connection(36)-127.0.0.1] com.zaxxer.hikari.HikariDataSource       : HikariPool-1 - Shutdown completed.
2021-10-24 14:39:59.665  INFO 41328 --- [main] SpringBootCoreDataJpaMvcRest1Application : Starting TimesheetSpringBootCoreDataJpaMvcRest1Application on LAPTOP-K08V0PT9 with PID 41328 (C:\Users\sonia\Documents\GitHub\DEVOPS\TimesheetProject\target\classes started by sonia in C:\Users\sonia\Documents\GitHub\DEVOPS\TimesheetProject)
2021-10-24 14:39:59.668  INFO 41328 --- [main] SpringBootCoreDataJpaMvcRest1Application : No active profile set, falling back to default profiles: default
2021-10-24 14:40:00.281  INFO 41328 --- [main] .s.d.r.c.RepositoryConfigurationDelegate : Bootstrapping Spring Data repositories in DEFAULT mode.
2021-10-24 14:40:00.361  INFO 41328 --- [main] .s.d.r.c.RepositoryConfigurationDelegate : Finished Spring Data repository scanning in 72ms. Found 6 repository interfaces.
2021-10-24 14:40:00.660  INFO 41328 --- [main] trationDelegate$BeanPostProcessorChecker : Bean 'org.springframework.transaction.annotation.ProxyTransactionManagementConfiguration' of type [org.springframework.transaction.annotation.ProxyTransactionManagementConfiguration$$EnhancerBySpringCGLIB$$1ee4de4c] is not eligible for getting processed by all BeanPostProcessors (for example: not eligible for auto-proxying)
2021-10-24 14:40:01.099  INFO 41328 --- [main] o.s.b.w.embedded.tomcat.TomcatWebServer  : Tomcat initialized with port(s): 8083 (http)
2021-10-24 14:40:01.128  INFO 41328 --- [main] o.apache.catalina.core.StandardService   : Starting service [Tomcat]
2021-10-24 14:40:01.129  INFO 41328 --- [main] org.apache.catalina.core.StandardEngine  : Starting Servlet engine: [Apache Tomcat/9.0.17]
2021-10-24 14:40:01.276  INFO 41328 --- [main] o.a.c.c.C.[.[localhost].[/SpringMVC]     : Initializing Spring embedded WebApplicationContext
2021-10-24 14:40:01.276  INFO 41328 --- [main] o.s.web.context.ContextLoader            : Root WebApplicationContext: initialization completed in 1567 ms
2021-10-24 14:40:01.433  INFO 41328 --- [main] com.zaxxer.hikari.HikariDataSource       : HikariPool-1 - Starting...
2021-10-24 14:40:01.633  INFO 41328 --- [main] com.zaxxer.hikari.HikariDataSource       : HikariPool-1 - Start completed.
2021-10-24 14:40:01.702  INFO 41328 --- [main] o.hibernate.jpa.internal.util.LogHelper  : HHH000204: Processing PersistenceUnitInfo [
	name: default
	...]
2021-10-24 14:40:01.828  INFO 41328 --- [main] org.hibernate.Version                    : HHH000412: Hibernate Core {5.3.9.Final}
2021-10-24 14:40:01.829  INFO 41328 --- [main] org.hibernate.cfg.Environment            : HHH000206: hibernate.properties not found
2021-10-24 14:40:02.140  INFO 41328 --- [main] o.hibernate.annotations.common.Version   : HCANN000001: Hibernate Commons Annotations {5.0.4.Final}
2021-10-24 14:40:02.393  INFO 41328 --- [main] org.hibernate.dialect.Dialect            : HHH000400: Using dialect: org.hibernate.dialect.MySQL5Dialect
2021-10-24 14:40:03.488  INFO 41328 --- [main] j.LocalContainerEntityManagerFactoryBean : Initialized JPA EntityManagerFactory for persistence unit 'default'
2021-10-24 14:40:03.794  INFO 41328 --- [main] o.h.h.i.QueryTranslatorFactoryInitiator  : HHH000397: Using ASTQueryTranslatorFactory
2021-10-24 14:40:04.223  INFO 41328 --- [main] o.s.s.concurrent.ThreadPoolTaskExecutor  : Initializing ExecutorService 'applicationTaskExecutor'
2021-10-24 14:40:04.264  WARN 41328 --- [main] aWebConfiguration$JpaWebMvcConfiguration : spring.jpa.open-in-view is enabled by default. Therefore, database queries may be performed during view rendering. Explicitly configure spring.jpa.open-in-view to disable this warning
2021-10-24 14:40:04.523  INFO 41328 --- [main] o.s.b.w.embedded.tomcat.TomcatWebServer  : Tomcat started on port(s): 8083 (http) with context path '/SpringMVC'
2021-10-24 14:40:04.525  INFO 41328 --- [main] SpringBootCoreDataJpaMvcRest1Application : Started TimesheetSpringBootCoreDataJpaMvcRest1Application in 5.285 seconds (JVM running for 5.903)
2021-10-24 14:45:27.521  INFO 41328 --- [RMI TCP Connection(7)-127.0.0.1] inMXBeanRegistrar$SpringApplicationAdmin : Application shutdown requested.
2021-10-24 14:45:27.523  INFO 41328 --- [RMI TCP Connection(7)-127.0.0.1] o.s.s.concurrent.ThreadPoolTaskExecutor  : Shutting down ExecutorService 'applicationTaskExecutor'
2021-10-24 14:45:27.524  INFO 41328 --- [RMI TCP Connection(7)-127.0.0.1] j.LocalContainerEntityManagerFactoryBean : Closing JPA EntityManagerFactory for persistence unit 'default'
2021-10-24 14:45:27.527  INFO 41328 --- [RMI TCP Connection(7)-127.0.0.1] com.zaxxer.hikari.HikariDataSource       : HikariPool-1 - Shutdown initiated...
2021-10-24 14:45:27.530  INFO 41328 --- [RMI TCP Connection(7)-127.0.0.1] com.zaxxer.hikari.HikariDataSource       : HikariPool-1 - Shutdown completed.
2021-10-24 14:45:32.540  INFO 9832 --- [main] SpringBootCoreDataJpaMvcRest1Application : Starting TimesheetSpringBootCoreDataJpaMvcRest1Application on LAPTOP-K08V0PT9 with PID 9832 (C:\Users\sonia\Documents\GitHub\DEVOPS\TimesheetProject\target\classes started by sonia in C:\Users\sonia\Documents\GitHub\DEVOPS\TimesheetProject)
2021-10-24 14:45:32.543  INFO 9832 --- [main] SpringBootCoreDataJpaMvcRest1Application : No active profile set, falling back to default profiles: default
2021-10-24 14:45:33.092  INFO 9832 --- [main] .s.d.r.c.RepositoryConfigurationDelegate : Bootstrapping Spring Data repositories in DEFAULT mode.
2021-10-24 14:45:33.168  INFO 9832 --- [main] .s.d.r.c.RepositoryConfigurationDelegate : Finished Spring Data repository scanning in 69ms. Found 6 repository interfaces.
2021-10-24 14:45:33.480  INFO 9832 --- [main] trationDelegate$BeanPostProcessorChecker : Bean 'org.springframework.transaction.annotation.ProxyTransactionManagementConfiguration' of type [org.springframework.transaction.annotation.ProxyTransactionManagementConfiguration$$EnhancerBySpringCGLIB$$66c469f3] is not eligible for getting processed by all BeanPostProcessors (for example: not eligible for auto-proxying)
2021-10-24 14:45:33.784  INFO 9832 --- [main] o.s.b.w.embedded.tomcat.TomcatWebServer  : Tomcat initialized with port(s): 8083 (http)
2021-10-24 14:45:33.804  INFO 9832 --- [main] o.apache.catalina.core.StandardService   : Starting service [Tomcat]
2021-10-24 14:45:33.804  INFO 9832 --- [main] org.apache.catalina.core.StandardEngine  : Starting Servlet engine: [Apache Tomcat/9.0.17]
2021-10-24 14:45:33.955  INFO 9832 --- [main] o.a.c.c.C.[.[localhost].[/SpringMVC]     : Initializing Spring embedded WebApplicationContext
2021-10-24 14:45:33.955  INFO 9832 --- [main] o.s.web.context.ContextLoader            : Root WebApplicationContext: initialization completed in 1375 ms
2021-10-24 14:45:34.096  INFO 9832 --- [main] com.zaxxer.hikari.HikariDataSource       : HikariPool-1 - Starting...
2021-10-24 14:45:34.235  INFO 9832 --- [main] com.zaxxer.hikari.HikariDataSource       : HikariPool-1 - Start completed.
2021-10-24 14:45:34.282  INFO 9832 --- [main] o.hibernate.jpa.internal.util.LogHelper  : HHH000204: Processing PersistenceUnitInfo [
	name: default
	...]
2021-10-24 14:45:34.374  INFO 9832 --- [main] org.hibernate.Version                    : HHH000412: Hibernate Core {5.3.9.Final}
2021-10-24 14:45:34.376  INFO 9832 --- [main] org.hibernate.cfg.Environment            : HHH000206: hibernate.properties not found
2021-10-24 14:45:34.529  INFO 9832 --- [main] o.hibernate.annotations.common.Version   : HCANN000001: Hibernate Commons Annotations {5.0.4.Final}
2021-10-24 14:45:34.684  INFO 9832 --- [main] org.hibernate.dialect.Dialect            : HHH000400: Using dialect: org.hibernate.dialect.MySQL5Dialect
2021-10-24 14:45:35.643  INFO 9832 --- [main] j.LocalContainerEntityManagerFactoryBean : Initialized JPA EntityManagerFactory for persistence unit 'default'
2021-10-24 14:45:35.946  INFO 9832 --- [main] o.h.h.i.QueryTranslatorFactoryInitiator  : HHH000397: Using ASTQueryTranslatorFactory
2021-10-24 14:45:36.451  INFO 9832 --- [main] o.s.s.concurrent.ThreadPoolTaskExecutor  : Initializing ExecutorService 'applicationTaskExecutor'
2021-10-24 14:45:36.494  WARN 9832 --- [main] aWebConfiguration$JpaWebMvcConfiguration : spring.jpa.open-in-view is enabled by default. Therefore, database queries may be performed during view rendering. Explicitly configure spring.jpa.open-in-view to disable this warning
2021-10-24 14:45:36.703  INFO 9832 --- [main] o.s.b.w.embedded.tomcat.TomcatWebServer  : Tomcat started on port(s): 8083 (http) with context path '/SpringMVC'
2021-10-24 14:45:36.704  INFO 9832 --- [main] SpringBootCoreDataJpaMvcRest1Application : Started TimesheetSpringBootCoreDataJpaMvcRest1Application in 4.574 seconds (JVM running for 5.27)
2021-10-24 14:51:44.984  INFO 9832 --- [RMI TCP Connection(8)-127.0.0.1] inMXBeanRegistrar$SpringApplicationAdmin : Application shutdown requested.
2021-10-24 14:51:44.987  INFO 9832 --- [RMI TCP Connection(8)-127.0.0.1] o.s.s.concurrent.ThreadPoolTaskExecutor  : Shutting down ExecutorService 'applicationTaskExecutor'
2021-10-24 14:51:44.992  INFO 9832 --- [RMI TCP Connection(8)-127.0.0.1] j.LocalContainerEntityManagerFactoryBean : Closing JPA EntityManagerFactory for persistence unit 'default'
2021-10-24 14:51:44.995  INFO 9832 --- [RMI TCP Connection(8)-127.0.0.1] com.zaxxer.hikari.HikariDataSource       : HikariPool-1 - Shutdown initiated...
2021-10-24 14:51:44.998  INFO 9832 --- [RMI TCP Connection(8)-127.0.0.1] com.zaxxer.hikari.HikariDataSource       : HikariPool-1 - Shutdown completed.
2021-10-24 14:51:50.475  INFO 30260 --- [main] SpringBootCoreDataJpaMvcRest1Application : Starting TimesheetSpringBootCoreDataJpaMvcRest1Application on LAPTOP-K08V0PT9 with PID 30260 (C:\Users\sonia\Documents\GitHub\DEVOPS\TimesheetProject\target\classes started by sonia in C:\Users\sonia\Documents\GitHub\DEVOPS\TimesheetProject)
2021-10-24 14:51:50.478  INFO 30260 --- [main] SpringBootCoreDataJpaMvcRest1Application : No active profile set, falling back to default profiles: default
2021-10-24 14:51:51.047  INFO 30260 --- [main] .s.d.r.c.RepositoryConfigurationDelegate : Bootstrapping Spring Data repositories in DEFAULT mode.
2021-10-24 14:51:51.119  INFO 30260 --- [main] .s.d.r.c.RepositoryConfigurationDelegate : Finished Spring Data repository scanning in 64ms. Found 6 repository interfaces.
2021-10-24 14:51:51.422  INFO 30260 --- [main] trationDelegate$BeanPostProcessorChecker : Bean 'org.springframework.transaction.annotation.ProxyTransactionManagementConfiguration' of type [org.springframework.transaction.annotation.ProxyTransactionManagementConfiguration$$EnhancerBySpringCGLIB$$e76f7e35] is not eligible for getting processed by all BeanPostProcessors (for example: not eligible for auto-proxying)
2021-10-24 14:51:51.747  INFO 30260 --- [main] o.s.b.w.embedded.tomcat.TomcatWebServer  : Tomcat initialized with port(s): 8083 (http)
2021-10-24 14:51:51.767  INFO 30260 --- [main] o.apache.catalina.core.StandardService   : Starting service [Tomcat]
2021-10-24 14:51:51.768  INFO 30260 --- [main] org.apache.catalina.core.StandardEngine  : Starting Servlet engine: [Apache Tomcat/9.0.17]
2021-10-24 14:51:51.889  INFO 30260 --- [main] o.a.c.c.C.[.[localhost].[/SpringMVC]     : Initializing Spring embedded WebApplicationContext
2021-10-24 14:51:51.889  INFO 30260 --- [main] o.s.web.context.ContextLoader            : Root WebApplicationContext: initialization completed in 1371 ms
2021-10-24 14:51:52.027  INFO 30260 --- [main] com.zaxxer.hikari.HikariDataSource       : HikariPool-1 - Starting...
2021-10-24 14:51:52.188  INFO 30260 --- [main] com.zaxxer.hikari.HikariDataSource       : HikariPool-1 - Start completed.
2021-10-24 14:51:52.236  INFO 30260 --- [main] o.hibernate.jpa.internal.util.LogHelper  : HHH000204: Processing PersistenceUnitInfo [
	name: default
	...]
2021-10-24 14:51:52.313  INFO 30260 --- [main] org.hibernate.Version                    : HHH000412: Hibernate Core {5.3.9.Final}
2021-10-24 14:51:52.314  INFO 30260 --- [main] org.hibernate.cfg.Environment            : HHH000206: hibernate.properties not found
2021-10-24 14:51:52.476  INFO 30260 --- [main] o.hibernate.annotations.common.Version   : HCANN000001: Hibernate Commons Annotations {5.0.4.Final}
2021-10-24 14:51:52.629  INFO 30260 --- [main] org.hibernate.dialect.Dialect            : HHH000400: Using dialect: org.hibernate.dialect.MySQL5Dialect
2021-10-24 14:51:53.516  INFO 30260 --- [main] j.LocalContainerEntityManagerFactoryBean : Initialized JPA EntityManagerFactory for persistence unit 'default'
2021-10-24 14:51:53.791  INFO 30260 --- [main] o.h.h.i.QueryTranslatorFactoryInitiator  : HHH000397: Using ASTQueryTranslatorFactory
2021-10-24 14:51:54.195  INFO 30260 --- [main] o.s.s.concurrent.ThreadPoolTaskExecutor  : Initializing ExecutorService 'applicationTaskExecutor'
2021-10-24 14:51:54.235  WARN 30260 --- [main] aWebConfiguration$JpaWebMvcConfiguration : spring.jpa.open-in-view is enabled by default. Therefore, database queries may be performed during view rendering. Explicitly configure spring.jpa.open-in-view to disable this warning
2021-10-24 14:51:54.477  INFO 30260 --- [main] o.s.b.w.embedded.tomcat.TomcatWebServer  : Tomcat started on port(s): 8083 (http) with context path '/SpringMVC'
2021-10-24 14:51:54.478  INFO 30260 --- [main] SpringBootCoreDataJpaMvcRest1Application : Started TimesheetSpringBootCoreDataJpaMvcRest1Application in 4.399 seconds (JVM running for 5.21)
2021-10-24 14:56:58.725  INFO 30260 --- [RMI TCP Connection(7)-127.0.0.1] inMXBeanRegistrar$SpringApplicationAdmin : Application shutdown requested.
2021-10-24 14:56:58.727  INFO 30260 --- [RMI TCP Connection(7)-127.0.0.1] o.s.s.concurrent.ThreadPoolTaskExecutor  : Shutting down ExecutorService 'applicationTaskExecutor'
2021-10-24 14:56:58.728  INFO 30260 --- [RMI TCP Connection(7)-127.0.0.1] j.LocalContainerEntityManagerFactoryBean : Closing JPA EntityManagerFactory for persistence unit 'default'
2021-10-24 14:56:58.731  INFO 30260 --- [RMI TCP Connection(7)-127.0.0.1] com.zaxxer.hikari.HikariDataSource       : HikariPool-1 - Shutdown initiated...
2021-10-24 14:56:58.735  INFO 30260 --- [RMI TCP Connection(7)-127.0.0.1] com.zaxxer.hikari.HikariDataSource       : HikariPool-1 - Shutdown completed.
2021-10-24 14:57:03.164  INFO 41768 --- [main] SpringBootCoreDataJpaMvcRest1Application : Starting TimesheetSpringBootCoreDataJpaMvcRest1Application on LAPTOP-K08V0PT9 with PID 41768 (C:\Users\sonia\Documents\GitHub\DEVOPS\TimesheetProject\target\classes started by sonia in C:\Users\sonia\Documents\GitHub\DEVOPS\TimesheetProject)
2021-10-24 14:57:03.167  INFO 41768 --- [main] SpringBootCoreDataJpaMvcRest1Application : No active profile set, falling back to default profiles: default
2021-10-24 14:57:03.715  INFO 41768 --- [main] .s.d.r.c.RepositoryConfigurationDelegate : Bootstrapping Spring Data repositories in DEFAULT mode.
2021-10-24 14:57:03.793  INFO 41768 --- [main] .s.d.r.c.RepositoryConfigurationDelegate : Finished Spring Data repository scanning in 71ms. Found 6 repository interfaces.
2021-10-24 14:57:04.079  INFO 41768 --- [main] trationDelegate$BeanPostProcessorChecker : Bean 'org.springframework.transaction.annotation.ProxyTransactionManagementConfiguration' of type [org.springframework.transaction.annotation.ProxyTransactionManagementConfiguration$$EnhancerBySpringCGLIB$$a7e1add2] is not eligible for getting processed by all BeanPostProcessors (for example: not eligible for auto-proxying)
2021-10-24 14:57:04.397  INFO 41768 --- [main] o.s.b.w.embedded.tomcat.TomcatWebServer  : Tomcat initialized with port(s): 8083 (http)
2021-10-24 14:57:04.421  INFO 41768 --- [main] o.apache.catalina.core.StandardService   : Starting service [Tomcat]
2021-10-24 14:57:04.422  INFO 41768 --- [main] org.apache.catalina.core.StandardEngine  : Starting Servlet engine: [Apache Tomcat/9.0.17]
2021-10-24 14:57:04.545  INFO 41768 --- [main] o.a.c.c.C.[.[localhost].[/SpringMVC]     : Initializing Spring embedded WebApplicationContext
2021-10-24 14:57:04.546  INFO 41768 --- [main] o.s.web.context.ContextLoader            : Root WebApplicationContext: initialization completed in 1343 ms
2021-10-24 14:57:04.707  INFO 41768 --- [main] com.zaxxer.hikari.HikariDataSource       : HikariPool-1 - Starting...
2021-10-24 14:57:04.881  INFO 41768 --- [main] com.zaxxer.hikari.HikariDataSource       : HikariPool-1 - Start completed.
2021-10-24 14:57:04.929  INFO 41768 --- [main] o.hibernate.jpa.internal.util.LogHelper  : HHH000204: Processing PersistenceUnitInfo [
	name: default
	...]
2021-10-24 14:57:05.001  INFO 41768 --- [main] org.hibernate.Version                    : HHH000412: Hibernate Core {5.3.9.Final}
2021-10-24 14:57:05.002  INFO 41768 --- [main] org.hibernate.cfg.Environment            : HHH000206: hibernate.properties not found
2021-10-24 14:57:05.147  INFO 41768 --- [main] o.hibernate.annotations.common.Version   : HCANN000001: Hibernate Commons Annotations {5.0.4.Final}
2021-10-24 14:57:05.295  INFO 41768 --- [main] org.hibernate.dialect.Dialect            : HHH000400: Using dialect: org.hibernate.dialect.MySQL5Dialect
2021-10-24 14:57:06.287  INFO 41768 --- [main] j.LocalContainerEntityManagerFactoryBean : Initialized JPA EntityManagerFactory for persistence unit 'default'
2021-10-24 14:57:06.582  INFO 41768 --- [main] o.h.h.i.QueryTranslatorFactoryInitiator  : HHH000397: Using ASTQueryTranslatorFactory
2021-10-24 14:57:07.073  INFO 41768 --- [main] o.s.s.concurrent.ThreadPoolTaskExecutor  : Initializing ExecutorService 'applicationTaskExecutor'
2021-10-24 14:57:07.117  WARN 41768 --- [main] aWebConfiguration$JpaWebMvcConfiguration : spring.jpa.open-in-view is enabled by default. Therefore, database queries may be performed during view rendering. Explicitly configure spring.jpa.open-in-view to disable this warning
2021-10-24 14:57:07.303  INFO 41768 --- [main] o.s.b.w.embedded.tomcat.TomcatWebServer  : Tomcat started on port(s): 8083 (http) with context path '/SpringMVC'
2021-10-24 14:57:07.305  INFO 41768 --- [main] SpringBootCoreDataJpaMvcRest1Application : Started TimesheetSpringBootCoreDataJpaMvcRest1Application in 4.532 seconds (JVM running for 5.136)
2021-10-24 14:59:21.474  INFO 41768 --- [RMI TCP Connection(5)-127.0.0.1] inMXBeanRegistrar$SpringApplicationAdmin : Application shutdown requested.
2021-10-24 14:59:21.476  INFO 41768 --- [RMI TCP Connection(5)-127.0.0.1] o.s.s.concurrent.ThreadPoolTaskExecutor  : Shutting down ExecutorService 'applicationTaskExecutor'
2021-10-24 14:59:21.479  INFO 41768 --- [RMI TCP Connection(5)-127.0.0.1] j.LocalContainerEntityManagerFactoryBean : Closing JPA EntityManagerFactory for persistence unit 'default'
2021-10-24 14:59:21.482  INFO 41768 --- [RMI TCP Connection(5)-127.0.0.1] com.zaxxer.hikari.HikariDataSource       : HikariPool-1 - Shutdown initiated...
2021-10-24 14:59:21.484  INFO 41768 --- [RMI TCP Connection(5)-127.0.0.1] com.zaxxer.hikari.HikariDataSource       : HikariPool-1 - Shutdown completed.
2021-10-24 14:59:26.855  INFO 41172 --- [main] SpringBootCoreDataJpaMvcRest1Application : Starting TimesheetSpringBootCoreDataJpaMvcRest1Application on LAPTOP-K08V0PT9 with PID 41172 (C:\Users\sonia\Documents\GitHub\DEVOPS\TimesheetProject\target\classes started by sonia in C:\Users\sonia\Documents\GitHub\DEVOPS\TimesheetProject)
2021-10-24 14:59:26.858  INFO 41172 --- [main] SpringBootCoreDataJpaMvcRest1Application : No active profile set, falling back to default profiles: default
2021-10-24 14:59:27.443  INFO 41172 --- [main] .s.d.r.c.RepositoryConfigurationDelegate : Bootstrapping Spring Data repositories in DEFAULT mode.
2021-10-24 14:59:27.548  INFO 41172 --- [main] .s.d.r.c.RepositoryConfigurationDelegate : Finished Spring Data repository scanning in 98ms. Found 6 repository interfaces.
2021-10-24 14:59:27.922  INFO 41172 --- [main] trationDelegate$BeanPostProcessorChecker : Bean 'org.springframework.transaction.annotation.ProxyTransactionManagementConfiguration' of type [org.springframework.transaction.annotation.ProxyTransactionManagementConfiguration$$EnhancerBySpringCGLIB$$d626f6d5] is not eligible for getting processed by all BeanPostProcessors (for example: not eligible for auto-proxying)
2021-10-24 14:59:28.212  INFO 41172 --- [main] o.s.b.w.embedded.tomcat.TomcatWebServer  : Tomcat initialized with port(s): 8083 (http)
2021-10-24 14:59:28.233  INFO 41172 --- [main] o.apache.catalina.core.StandardService   : Starting service [Tomcat]
2021-10-24 14:59:28.233  INFO 41172 --- [main] org.apache.catalina.core.StandardEngine  : Starting Servlet engine: [Apache Tomcat/9.0.17]
2021-10-24 14:59:28.358  INFO 41172 --- [main] o.a.c.c.C.[.[localhost].[/SpringMVC]     : Initializing Spring embedded WebApplicationContext
2021-10-24 14:59:28.358  INFO 41172 --- [main] o.s.web.context.ContextLoader            : Root WebApplicationContext: initialization completed in 1464 ms
2021-10-24 14:59:28.536  INFO 41172 --- [main] com.zaxxer.hikari.HikariDataSource       : HikariPool-1 - Starting...
2021-10-24 14:59:28.666  INFO 41172 --- [main] com.zaxxer.hikari.HikariDataSource       : HikariPool-1 - Start completed.
2021-10-24 14:59:28.714  INFO 41172 --- [main] o.hibernate.jpa.internal.util.LogHelper  : HHH000204: Processing PersistenceUnitInfo [
	name: default
	...]
2021-10-24 14:59:28.795  INFO 41172 --- [main] org.hibernate.Version                    : HHH000412: Hibernate Core {5.3.9.Final}
2021-10-24 14:59:28.797  INFO 41172 --- [main] org.hibernate.cfg.Environment            : HHH000206: hibernate.properties not found
2021-10-24 14:59:28.960  INFO 41172 --- [main] o.hibernate.annotations.common.Version   : HCANN000001: Hibernate Commons Annotations {5.0.4.Final}
2021-10-24 14:59:29.117  INFO 41172 --- [main] org.hibernate.dialect.Dialect            : HHH000400: Using dialect: org.hibernate.dialect.MySQL5Dialect
2021-10-24 14:59:30.052  INFO 41172 --- [main] j.LocalContainerEntityManagerFactoryBean : Initialized JPA EntityManagerFactory for persistence unit 'default'
2021-10-24 14:59:30.345  INFO 41172 --- [main] o.h.h.i.QueryTranslatorFactoryInitiator  : HHH000397: Using ASTQueryTranslatorFactory
2021-10-24 14:59:30.829  INFO 41172 --- [main] o.s.s.concurrent.ThreadPoolTaskExecutor  : Initializing ExecutorService 'applicationTaskExecutor'
2021-10-24 14:59:30.881  WARN 41172 --- [main] aWebConfiguration$JpaWebMvcConfiguration : spring.jpa.open-in-view is enabled by default. Therefore, database queries may be performed during view rendering. Explicitly configure spring.jpa.open-in-view to disable this warning
2021-10-24 14:59:31.067  INFO 41172 --- [main] o.s.b.w.embedded.tomcat.TomcatWebServer  : Tomcat started on port(s): 8083 (http) with context path '/SpringMVC'
2021-10-24 14:59:31.069  INFO 41172 --- [main] SpringBootCoreDataJpaMvcRest1Application : Started TimesheetSpringBootCoreDataJpaMvcRest1Application in 4.617 seconds (JVM running for 5.201)
2021-10-24 16:09:00.561  WARN 41172 --- [HikariPool-1 housekeeper] com.zaxxer.hikari.pool.HikariPool        : HikariPool-1 - Thread starvation or clock leap detected (housekeeper delta=53m31s545ms309µs800ns).
2021-10-24 18:23:28.802  WARN 41172 --- [HikariPool-1 housekeeper] com.zaxxer.hikari.pool.HikariPool        : HikariPool-1 - Thread starvation or clock leap detected (housekeeper delta=54m28s417ms315µs400ns).
2021-10-24 22:16:49.551  WARN 41172 --- [HikariPool-1 housekeeper] com.zaxxer.hikari.pool.HikariPool        : HikariPool-1 - Thread starvation or clock leap detected (housekeeper delta=3h53m20s767ms901µs500ns).
2021-10-24 22:26:39.952  INFO 41172 --- [RMI TCP Connection(114)-127.0.0.1] inMXBeanRegistrar$SpringApplicationAdmin : Application shutdown requested.
2021-10-24 22:26:40.113  INFO 41172 --- [RMI TCP Connection(114)-127.0.0.1] o.s.s.concurrent.ThreadPoolTaskExecutor  : Shutting down ExecutorService 'applicationTaskExecutor'
2021-10-24 22:26:40.128  INFO 41172 --- [RMI TCP Connection(114)-127.0.0.1] j.LocalContainerEntityManagerFactoryBean : Closing JPA EntityManagerFactory for persistence unit 'default'
2021-10-24 22:26:40.197  INFO 41172 --- [RMI TCP Connection(114)-127.0.0.1] com.zaxxer.hikari.HikariDataSource       : HikariPool-1 - Shutdown initiated...
2021-10-24 22:26:40.230  INFO 41172 --- [RMI TCP Connection(114)-127.0.0.1] com.zaxxer.hikari.HikariDataSource       : HikariPool-1 - Shutdown completed.
2021-10-24 22:27:31.960  INFO 44800 --- [main] t.e.spring.test.MissionServiceImplTest   : Starting MissionServiceImplTest on LAPTOP-K08V0PT9 with PID 44800 (started by sonia in C:\Users\sonia\Documents\GitHub\DEVOPS\TimesheetProject)
2021-10-24 22:27:31.962  INFO 44800 --- [main] t.e.spring.test.MissionServiceImplTest   : No active profile set, falling back to default profiles: default
2021-10-24 22:27:33.180  INFO 44800 --- [main] .s.d.r.c.RepositoryConfigurationDelegate : Bootstrapping Spring Data repositories in DEFAULT mode.
2021-10-24 22:27:33.340  INFO 44800 --- [main] .s.d.r.c.RepositoryConfigurationDelegate : Finished Spring Data repository scanning in 144ms. Found 6 repository interfaces.
2021-10-24 22:27:33.967  INFO 44800 --- [main] trationDelegate$BeanPostProcessorChecker : Bean 'org.springframework.transaction.annotation.ProxyTransactionManagementConfiguration' of type [org.springframework.transaction.annotation.ProxyTransactionManagementConfiguration$$EnhancerBySpringCGLIB$$f3467696] is not eligible for getting processed by all BeanPostProcessors (for example: not eligible for auto-proxying)
2021-10-24 22:27:34.261  INFO 44800 --- [main] com.zaxxer.hikari.HikariDataSource       : HikariPool-1 - Starting...
2021-10-24 22:27:34.558  INFO 44800 --- [main] com.zaxxer.hikari.HikariDataSource       : HikariPool-1 - Start completed.
2021-10-24 22:27:34.688  INFO 44800 --- [main] o.hibernate.jpa.internal.util.LogHelper  : HHH000204: Processing PersistenceUnitInfo [
	name: default
	...]
2021-10-24 22:27:34.847  INFO 44800 --- [main] org.hibernate.Version                    : HHH000412: Hibernate Core {5.3.9.Final}
2021-10-24 22:27:34.849  INFO 44800 --- [main] org.hibernate.cfg.Environment            : HHH000206: hibernate.properties not found
2021-10-24 22:27:35.072  INFO 44800 --- [main] o.hibernate.annotations.common.Version   : HCANN000001: Hibernate Commons Annotations {5.0.4.Final}
2021-10-24 22:27:35.564  INFO 44800 --- [main] org.hibernate.dialect.Dialect            : HHH000400: Using dialect: org.hibernate.dialect.MySQL5Dialect
2021-10-24 22:27:37.303  INFO 44800 --- [main] j.LocalContainerEntityManagerFactoryBean : Initialized JPA EntityManagerFactory for persistence unit 'default'
2021-10-24 22:27:37.745  INFO 44800 --- [main] o.h.h.i.QueryTranslatorFactoryInitiator  : HHH000397: Using ASTQueryTranslatorFactory
2021-10-24 22:27:39.023  INFO 44800 --- [main] o.s.s.concurrent.ThreadPoolTaskExecutor  : Initializing ExecutorService 'applicationTaskExecutor'
2021-10-24 22:27:39.162  WARN 44800 --- [main] aWebConfiguration$JpaWebMvcConfiguration : spring.jpa.open-in-view is enabled by default. Therefore, database queries may be performed during view rendering. Explicitly configure spring.jpa.open-in-view to disable this warning
2021-10-24 22:27:39.609  INFO 44800 --- [main] t.e.spring.test.MissionServiceImplTest   : Started MissionServiceImplTest in 8.083 seconds (JVM running for 9.438)
2021-10-24 22:27:39.754  INFO 44800 --- [main] t.e.spring.services.MissionServiceImpl   : start adding test
2021-10-24 22:27:40.011  INFO 44800 --- [main] t.e.spring.services.MissionServiceImpl   : Entreprise with id(101) , Name(marketing mission added successfuly
2021-10-24 22:27:40.055  INFO 44800 --- [main] t.e.spring.services.MissionServiceImpl   : Mission with id 102 exists
2021-10-24 22:27:40.082  INFO 44800 --- [main] t.e.spring.services.MissionServiceImpl   : Mission deleted successfuly
2021-10-24 22:27:40.090  INFO 44800 --- [main] t.e.spring.services.MissionServiceImpl   : Mission with id 103 exists
2021-10-24 22:27:40.093  INFO 44800 --- [main] t.e.spring.services.MissionServiceImpl   : Mission with id 103 was found successfuly : id(103) , Name(dummy mission
2021-10-24 22:27:40.101  INFO 44800 --- [main] t.e.spring.services.MissionServiceImpl   : cc null
2021-10-24 22:27:40.134  INFO 44800 --- [Thread-3] o.s.s.concurrent.ThreadPoolTaskExecutor  : Shutting down ExecutorService 'applicationTaskExecutor'
2021-10-24 22:27:40.136  INFO 44800 --- [Thread-3] j.LocalContainerEntityManagerFactoryBean : Closing JPA EntityManagerFactory for persistence unit 'default'
2021-10-24 22:27:40.139  INFO 44800 --- [Thread-3] com.zaxxer.hikari.HikariDataSource       : HikariPool-1 - Shutdown initiated...
2021-10-24 22:27:40.385  INFO 44800 --- [Thread-3] com.zaxxer.hikari.HikariDataSource       : HikariPool-1 - Shutdown completed.
2021-10-24 22:29:39.905  INFO 2580 --- [main] SpringBootCoreDataJpaMvcRest1Application : Starting TimesheetSpringBootCoreDataJpaMvcRest1Application on LAPTOP-K08V0PT9 with PID 2580 (C:\Users\sonia\Documents\GitHub\DEVOPS\TimesheetProject\target\classes started by sonia in C:\Users\sonia\Documents\GitHub\DEVOPS\TimesheetProject)
2021-10-24 22:29:39.908  INFO 2580 --- [main] SpringBootCoreDataJpaMvcRest1Application : No active profile set, falling back to default profiles: default
2021-10-24 22:29:40.517  INFO 2580 --- [main] .s.d.r.c.RepositoryConfigurationDelegate : Bootstrapping Spring Data repositories in DEFAULT mode.
2021-10-24 22:29:40.615  INFO 2580 --- [main] .s.d.r.c.RepositoryConfigurationDelegate : Finished Spring Data repository scanning in 92ms. Found 6 repository interfaces.
2021-10-24 22:29:40.905  INFO 2580 --- [main] trationDelegate$BeanPostProcessorChecker : Bean 'org.springframework.transaction.annotation.ProxyTransactionManagementConfiguration' of type [org.springframework.transaction.annotation.ProxyTransactionManagementConfiguration$$EnhancerBySpringCGLIB$$5ee253e0] is not eligible for getting processed by all BeanPostProcessors (for example: not eligible for auto-proxying)
2021-10-24 22:29:41.276  INFO 2580 --- [main] o.s.b.w.embedded.tomcat.TomcatWebServer  : Tomcat initialized with port(s): 8083 (http)
2021-10-24 22:29:41.300  INFO 2580 --- [main] o.apache.catalina.core.StandardService   : Starting service [Tomcat]
2021-10-24 22:29:41.300  INFO 2580 --- [main] org.apache.catalina.core.StandardEngine  : Starting Servlet engine: [Apache Tomcat/9.0.17]
2021-10-24 22:29:41.421  INFO 2580 --- [main] o.a.c.c.C.[.[localhost].[/SpringMVC]     : Initializing Spring embedded WebApplicationContext
2021-10-24 22:29:41.421  INFO 2580 --- [main] o.s.web.context.ContextLoader            : Root WebApplicationContext: initialization completed in 1473 ms
2021-10-24 22:29:41.585  INFO 2580 --- [main] com.zaxxer.hikari.HikariDataSource       : HikariPool-1 - Starting...
2021-10-24 22:29:41.785  INFO 2580 --- [main] com.zaxxer.hikari.HikariDataSource       : HikariPool-1 - Start completed.
2021-10-24 22:29:41.858  INFO 2580 --- [main] o.hibernate.jpa.internal.util.LogHelper  : HHH000204: Processing PersistenceUnitInfo [
	name: default
	...]
2021-10-24 22:29:41.994  INFO 2580 --- [main] org.hibernate.Version                    : HHH000412: Hibernate Core {5.3.9.Final}
2021-10-24 22:29:41.996  INFO 2580 --- [main] org.hibernate.cfg.Environment            : HHH000206: hibernate.properties not found
2021-10-24 22:29:42.258  INFO 2580 --- [main] o.hibernate.annotations.common.Version   : HCANN000001: Hibernate Commons Annotations {5.0.4.Final}
2021-10-24 22:29:42.507  INFO 2580 --- [main] org.hibernate.dialect.Dialect            : HHH000400: Using dialect: org.hibernate.dialect.MySQL5Dialect
2021-10-24 22:29:43.814  INFO 2580 --- [main] j.LocalContainerEntityManagerFactoryBean : Initialized JPA EntityManagerFactory for persistence unit 'default'
2021-10-24 22:29:44.201  INFO 2580 --- [main] o.h.h.i.QueryTranslatorFactoryInitiator  : HHH000397: Using ASTQueryTranslatorFactory
2021-10-24 22:29:44.679  INFO 2580 --- [main] o.s.s.concurrent.ThreadPoolTaskExecutor  : Initializing ExecutorService 'applicationTaskExecutor'
2021-10-24 22:29:44.724  WARN 2580 --- [main] aWebConfiguration$JpaWebMvcConfiguration : spring.jpa.open-in-view is enabled by default. Therefore, database queries may be performed during view rendering. Explicitly configure spring.jpa.open-in-view to disable this warning
2021-10-24 22:29:45.018  INFO 2580 --- [main] o.s.b.w.embedded.tomcat.TomcatWebServer  : Tomcat started on port(s): 8083 (http) with context path '/SpringMVC'
2021-10-24 22:29:45.020  INFO 2580 --- [main] SpringBootCoreDataJpaMvcRest1Application : Started TimesheetSpringBootCoreDataJpaMvcRest1Application in 5.685 seconds (JVM running for 6.563)
2021-10-24 22:32:47.320  INFO 2580 --- [RMI TCP Connection(6)-127.0.0.1] inMXBeanRegistrar$SpringApplicationAdmin : Application shutdown requested.
2021-10-24 22:32:47.353  INFO 2580 --- [RMI TCP Connection(6)-127.0.0.1] o.s.s.concurrent.ThreadPoolTaskExecutor  : Shutting down ExecutorService 'applicationTaskExecutor'
2021-10-24 22:32:47.357  INFO 2580 --- [RMI TCP Connection(6)-127.0.0.1] j.LocalContainerEntityManagerFactoryBean : Closing JPA EntityManagerFactory for persistence unit 'default'
2021-10-24 22:32:47.367  INFO 2580 --- [RMI TCP Connection(6)-127.0.0.1] com.zaxxer.hikari.HikariDataSource       : HikariPool-1 - Shutdown initiated...
2021-10-24 22:32:47.374  INFO 2580 --- [RMI TCP Connection(6)-127.0.0.1] com.zaxxer.hikari.HikariDataSource       : HikariPool-1 - Shutdown completed.
2021-10-24 22:33:16.943  INFO 28576 --- [main] t.e.spring.test.MissionServiceImplTest   : Starting MissionServiceImplTest on LAPTOP-K08V0PT9 with PID 28576 (started by sonia in C:\Users\sonia\Documents\GitHub\DEVOPS\TimesheetProject)
2021-10-24 22:33:16.945  INFO 28576 --- [main] t.e.spring.test.MissionServiceImplTest   : No active profile set, falling back to default profiles: default
2021-10-24 22:33:18.061  INFO 28576 --- [main] .s.d.r.c.RepositoryConfigurationDelegate : Bootstrapping Spring Data repositories in DEFAULT mode.
2021-10-24 22:33:18.206  INFO 28576 --- [main] .s.d.r.c.RepositoryConfigurationDelegate : Finished Spring Data repository scanning in 129ms. Found 6 repository interfaces.
2021-10-24 22:33:18.816  INFO 28576 --- [main] trationDelegate$BeanPostProcessorChecker : Bean 'org.springframework.transaction.annotation.ProxyTransactionManagementConfiguration' of type [org.springframework.transaction.annotation.ProxyTransactionManagementConfiguration$$EnhancerBySpringCGLIB$$c52d8d5f] is not eligible for getting processed by all BeanPostProcessors (for example: not eligible for auto-proxying)
2021-10-24 22:33:19.162  INFO 28576 --- [main] com.zaxxer.hikari.HikariDataSource       : HikariPool-1 - Starting...
2021-10-24 22:33:19.581  INFO 28576 --- [main] com.zaxxer.hikari.HikariDataSource       : HikariPool-1 - Start completed.
2021-10-24 22:33:19.732  INFO 28576 --- [main] o.hibernate.jpa.internal.util.LogHelper  : HHH000204: Processing PersistenceUnitInfo [
	name: default
	...]
2021-10-24 22:33:19.939  INFO 28576 --- [main] org.hibernate.Version                    : HHH000412: Hibernate Core {5.3.9.Final}
2021-10-24 22:33:19.943  INFO 28576 --- [main] org.hibernate.cfg.Environment            : HHH000206: hibernate.properties not found
2021-10-24 22:33:20.343  INFO 28576 --- [main] o.hibernate.annotations.common.Version   : HCANN000001: Hibernate Commons Annotations {5.0.4.Final}
2021-10-24 22:33:21.016  INFO 28576 --- [main] org.hibernate.dialect.Dialect            : HHH000400: Using dialect: org.hibernate.dialect.MySQL5Dialect
2021-10-24 22:33:22.715  INFO 28576 --- [main] j.LocalContainerEntityManagerFactoryBean : Initialized JPA EntityManagerFactory for persistence unit 'default'
2021-10-24 22:33:23.311  INFO 28576 --- [main] o.h.h.i.QueryTranslatorFactoryInitiator  : HHH000397: Using ASTQueryTranslatorFactory
2021-10-24 22:33:24.809  INFO 28576 --- [main] o.s.s.concurrent.ThreadPoolTaskExecutor  : Initializing ExecutorService 'applicationTaskExecutor'
2021-10-24 22:33:24.947  WARN 28576 --- [main] aWebConfiguration$JpaWebMvcConfiguration : spring.jpa.open-in-view is enabled by default. Therefore, database queries may be performed during view rendering. Explicitly configure spring.jpa.open-in-view to disable this warning
2021-10-24 22:33:25.520  INFO 28576 --- [main] t.e.spring.test.MissionServiceImplTest   : Started MissionServiceImplTest in 9.129 seconds (JVM running for 10.708)
2021-10-24 22:33:25.656  INFO 28576 --- [main] t.e.spring.services.MissionServiceImpl   : start adding test
2021-10-24 22:33:25.821  INFO 28576 --- [main] t.e.spring.services.MissionServiceImpl   : Entreprise with id(104) , Name(marketing mission added successfuly
2021-10-24 22:33:25.867  INFO 28576 --- [main] t.e.spring.services.MissionServiceImpl   : Mission with id 105 exists
2021-10-24 22:33:25.905  INFO 28576 --- [main] t.e.spring.services.MissionServiceImpl   : Mission deleted successfuly
2021-10-24 22:33:25.912  INFO 28576 --- [main] t.e.spring.services.MissionServiceImpl   : Mission with id 106 exists
2021-10-24 22:33:25.916  INFO 28576 --- [main] t.e.spring.services.MissionServiceImpl   : Mission with id 106 was found successfuly : id(106) , Name(dummy mission
2021-10-24 22:33:25.927  INFO 28576 --- [main] t.e.spring.services.MissionServiceImpl   : cc null
2021-10-24 22:33:26.310  INFO 28576 --- [Thread-3] o.s.s.concurrent.ThreadPoolTaskExecutor  : Shutting down ExecutorService 'applicationTaskExecutor'
2021-10-24 22:33:26.312  INFO 28576 --- [Thread-3] j.LocalContainerEntityManagerFactoryBean : Closing JPA EntityManagerFactory for persistence unit 'default'
2021-10-24 22:33:26.316  INFO 28576 --- [Thread-3] com.zaxxer.hikari.HikariDataSource       : HikariPool-1 - Shutdown initiated...
2021-10-24 22:33:26.578  INFO 28576 --- [Thread-3] com.zaxxer.hikari.HikariDataSource       : HikariPool-1 - Shutdown completed.
2021-10-24 22:33:45.187  INFO 44208 --- [main] SpringBootCoreDataJpaMvcRest1Application : Starting TimesheetSpringBootCoreDataJpaMvcRest1Application on LAPTOP-K08V0PT9 with PID 44208 (C:\Users\sonia\Documents\GitHub\DEVOPS\TimesheetProject\target\classes started by sonia in C:\Users\sonia\Documents\GitHub\DEVOPS\TimesheetProject)
2021-10-24 22:33:45.190  INFO 44208 --- [main] SpringBootCoreDataJpaMvcRest1Application : No active profile set, falling back to default profiles: default
2021-10-24 22:33:45.821  INFO 44208 --- [main] .s.d.r.c.RepositoryConfigurationDelegate : Bootstrapping Spring Data repositories in DEFAULT mode.
2021-10-24 22:33:45.919  INFO 44208 --- [main] .s.d.r.c.RepositoryConfigurationDelegate : Finished Spring Data repository scanning in 88ms. Found 6 repository interfaces.
2021-10-24 22:33:46.281  INFO 44208 --- [main] trationDelegate$BeanPostProcessorChecker : Bean 'org.springframework.transaction.annotation.ProxyTransactionManagementConfiguration' of type [org.springframework.transaction.annotation.ProxyTransactionManagementConfiguration$$EnhancerBySpringCGLIB$$36c64a46] is not eligible for getting processed by all BeanPostProcessors (for example: not eligible for auto-proxying)
2021-10-24 22:33:46.693  INFO 44208 --- [main] o.s.b.w.embedded.tomcat.TomcatWebServer  : Tomcat initialized with port(s): 8083 (http)
2021-10-24 22:33:46.735  INFO 44208 --- [main] o.apache.catalina.core.StandardService   : Starting service [Tomcat]
2021-10-24 22:33:46.735  INFO 44208 --- [main] org.apache.catalina.core.StandardEngine  : Starting Servlet engine: [Apache Tomcat/9.0.17]
2021-10-24 22:33:46.974  INFO 44208 --- [main] o.a.c.c.C.[.[localhost].[/SpringMVC]     : Initializing Spring embedded WebApplicationContext
2021-10-24 22:33:46.974  INFO 44208 --- [main] o.s.web.context.ContextLoader            : Root WebApplicationContext: initialization completed in 1744 ms
2021-10-24 22:33:47.180  INFO 44208 --- [main] com.zaxxer.hikari.HikariDataSource       : HikariPool-1 - Starting...
2021-10-24 22:33:47.376  INFO 44208 --- [main] com.zaxxer.hikari.HikariDataSource       : HikariPool-1 - Start completed.
2021-10-24 22:33:47.447  INFO 44208 --- [main] o.hibernate.jpa.internal.util.LogHelper  : HHH000204: Processing PersistenceUnitInfo [
	name: default
	...]
2021-10-24 22:33:47.549  INFO 44208 --- [main] org.hibernate.Version                    : HHH000412: Hibernate Core {5.3.9.Final}
2021-10-24 22:33:47.551  INFO 44208 --- [main] org.hibernate.cfg.Environment            : HHH000206: hibernate.properties not found
2021-10-24 22:33:47.726  INFO 44208 --- [main] o.hibernate.annotations.common.Version   : HCANN000001: Hibernate Commons Annotations {5.0.4.Final}
2021-10-24 22:33:47.886  INFO 44208 --- [main] org.hibernate.dialect.Dialect            : HHH000400: Using dialect: org.hibernate.dialect.MySQL5Dialect
2021-10-24 22:33:48.820  INFO 44208 --- [main] j.LocalContainerEntityManagerFactoryBean : Initialized JPA EntityManagerFactory for persistence unit 'default'
2021-10-24 22:33:49.148  INFO 44208 --- [main] o.h.h.i.QueryTranslatorFactoryInitiator  : HHH000397: Using ASTQueryTranslatorFactory
2021-10-24 22:33:49.675  INFO 44208 --- [main] o.s.s.concurrent.ThreadPoolTaskExecutor  : Initializing ExecutorService 'applicationTaskExecutor'
2021-10-24 22:33:49.724  WARN 44208 --- [main] aWebConfiguration$JpaWebMvcConfiguration : spring.jpa.open-in-view is enabled by default. Therefore, database queries may be performed during view rendering. Explicitly configure spring.jpa.open-in-view to disable this warning
2021-10-24 22:33:49.945  INFO 44208 --- [main] o.s.b.w.embedded.tomcat.TomcatWebServer  : Tomcat started on port(s): 8083 (http) with context path '/SpringMVC'
2021-10-24 22:33:49.947  INFO 44208 --- [main] SpringBootCoreDataJpaMvcRest1Application : Started TimesheetSpringBootCoreDataJpaMvcRest1Application in 5.148 seconds (JVM running for 5.814)
